<?xml version="1.0" encoding="UTF-8"?>
<!-- Generated by org.testng.reporters.JUnitReportReporter -->
<testsuite hostname="ANANDASBEASTLAPTOP" name="com.serialization.practicing.Jackson_API_for_List_Serialization" tests="1" failures="0" timestamp="4 Jun 2023 09:25:50 GMT" time="0.141" errors="0">
  <testcase name="List_serialization" time="0.141" classname="com.serialization.practicing.Jackson_API_for_List_Serialization"/>
</testsuite> <!-- com.serialization.practicing.Jackson_API_for_List_Serialization -->
