<?xml version="1.0" encoding="UTF-8"?>
<!-- Generated by org.testng.reporters.JUnitReportReporter -->
<testsuite hostname="ANANDASBEASTLAPTOP" name="zz_getCall.Getcall_1" tests="1" failures="0" timestamp="10 May 2023 08:09:29 GMT" time="3.778" errors="0">
  <testcase name="firstResponseBody" time="3.778" classname="zz_getCall.Getcall_1"/>
</testsuite> <!-- zz_getCall.Getcall_1 -->
