<?xml version="1.0" encoding="UTF-8"?>
<!-- Generated by org.testng.reporters.JUnitReportReporter -->
<testsuite hostname="ANANDASBEASTLAPTOP" name="com.Json.Deserialization.A2_Program" tests="1" failures="0" timestamp="4 Jun 2023 09:13:01 GMT" time="0.157" errors="0">
  <testcase name="deserialize_filejsondata" time="0.157" classname="com.Json.Deserialization.A2_Program"/>
</testsuite> <!-- com.Json.Deserialization.A2_Program -->
